
AVRASM ver. 2.1.30  H:\code_vision\7.1\1\Debug\List\m1.asm Thu May 26 21:43:31 2022

                 
                 
                 ;CodeVisionAVR C Compiler V3.12 Advanced
                 ;(C) Copyright 1998-2014 Pavel Haiduc, HP InfoTech s.r.l.
                 ;http://www.hpinfotech.com
                 
                 ;Build configuration    : Debug
                 ;Chip type              : ATmega32
                 ;Program type           : Application
                 ;Clock frequency        : 8.000000 MHz
                 ;Memory model           : Small
                 ;Optimize for           : Size
                 ;(s)printf features     : int, width
                 ;(s)scanf features      : int, width
                 ;External RAM size      : 0
                 ;Data Stack size        : 512 byte(s)
                 ;Heap size              : 0 byte(s)
                 ;Promote 'char' to 'int': Yes
                 ;'char' is unsigned     : Yes
                 ;8 bit enums            : Yes
                 ;Global 'const' stored in FLASH: Yes
                 ;Enhanced function parameter passing: Yes
                 ;Enhanced core instructions: On
                 ;Automatic register allocation for global variables: On
                 ;Smart register allocation: On
                 
                 	#define _MODEL_SMALL_
                 
                 	#pragma AVRPART ADMIN PART_NAME ATmega32
                 	#pragma AVRPART MEMORY PROG_FLASH 32768
                 	#pragma AVRPART MEMORY EEPROM 1024
                 	#pragma AVRPART MEMORY INT_SRAM SIZE 2048
                 	#pragma AVRPART MEMORY INT_SRAM START_ADDR 0x60
                 
                 	#define CALL_SUPPORTED 1
                 
                 	.LISTMAC
                 	.EQU UDRE=0x5
                 	.EQU RXC=0x7
                 	.EQU USR=0xB
                 	.EQU UDR=0xC
                 	.EQU SPSR=0xE
                 	.EQU SPDR=0xF
                 	.EQU EERE=0x0
                 	.EQU EEWE=0x1
                 	.EQU EEMWE=0x2
                 	.EQU EECR=0x1C
                 	.EQU EEDR=0x1D
                 	.EQU EEARL=0x1E
                 	.EQU EEARH=0x1F
                 	.EQU WDTCR=0x21
                 	.EQU MCUCR=0x35
                 	.EQU GICR=0x3B
                 	.EQU SPL=0x3D
                 	.EQU SPH=0x3E
                 	.EQU SREG=0x3F
                 
                 	.DEF R0X0=R0
                 	.DEF R0X1=R1
                 	.DEF R0X2=R2
                 	.DEF R0X3=R3
                 	.DEF R0X4=R4
                 	.DEF R0X5=R5
                 	.DEF R0X6=R6
                 	.DEF R0X7=R7
                 	.DEF R0X8=R8
                 	.DEF R0X9=R9
                 	.DEF R0XA=R10
                 	.DEF R0XB=R11
                 	.DEF R0XC=R12
                 	.DEF R0XD=R13
                 	.DEF R0XE=R14
                 	.DEF R0XF=R15
                 	.DEF R0X10=R16
                 	.DEF R0X11=R17
                 	.DEF R0X12=R18
                 	.DEF R0X13=R19
                 	.DEF R0X14=R20
                 	.DEF R0X15=R21
                 	.DEF R0X16=R22
                 	.DEF R0X17=R23
                 	.DEF R0X18=R24
                 	.DEF R0X19=R25
                 	.DEF R0X1A=R26
                 	.DEF R0X1B=R27
                 	.DEF R0X1C=R28
                 	.DEF R0X1D=R29
                 	.DEF R0X1E=R30
                 	.DEF R0X1F=R31
                 
                 	.EQU __SRAM_START=0x0060
                 	.EQU __SRAM_END=0x085F
                 	.EQU __DSTACK_SIZE=0x0200
                 	.EQU __HEAP_SIZE=0x0000
                 	.EQU __CLEAR_SRAM_SIZE=__SRAM_END-__SRAM_START+1
                 
                 	.MACRO __CPD1N
                 	CPI  R30,LOW(@0)
                 	LDI  R26,HIGH(@0)
                 	CPC  R31,R26
                 	LDI  R26,BYTE3(@0)
                 	CPC  R22,R26
                 	LDI  R26,BYTE4(@0)
                 	CPC  R23,R26
                 	.ENDM
                 
                 	.MACRO __CPD2N
                 	CPI  R26,LOW(@0)
                 	LDI  R30,HIGH(@0)
                 	CPC  R27,R30
                 	LDI  R30,BYTE3(@0)
                 	CPC  R24,R30
                 	LDI  R30,BYTE4(@0)
                 	CPC  R25,R30
                 	.ENDM
                 
                 	.MACRO __CPWRR
                 	CP   R@0,R@2
                 	CPC  R@1,R@3
                 	.ENDM
                 
                 	.MACRO __CPWRN
                 	CPI  R@0,LOW(@2)
                 	LDI  R30,HIGH(@2)
                 	CPC  R@1,R30
                 	.ENDM
                 
                 	.MACRO __ADDB1MN
                 	SUBI R30,LOW(-@0-(@1))
                 	.ENDM
                 
                 	.MACRO __ADDB2MN
                 	SUBI R26,LOW(-@0-(@1))
                 	.ENDM
                 
                 	.MACRO __ADDW1MN
                 	SUBI R30,LOW(-@0-(@1))
                 	SBCI R31,HIGH(-@0-(@1))
                 	.ENDM
                 
                 	.MACRO __ADDW2MN
                 	SUBI R26,LOW(-@0-(@1))
                 	SBCI R27,HIGH(-@0-(@1))
                 	.ENDM
                 
                 	.MACRO __ADDW1FN
                 	SUBI R30,LOW(-2*@0-(@1))
                 	SBCI R31,HIGH(-2*@0-(@1))
                 	.ENDM
                 
                 	.MACRO __ADDD1FN
                 	SUBI R30,LOW(-2*@0-(@1))
                 	SBCI R31,HIGH(-2*@0-(@1))
                 	SBCI R22,BYTE3(-2*@0-(@1))
                 	.ENDM
                 
                 	.MACRO __ADDD1N
                 	SUBI R30,LOW(-@0)
                 	SBCI R31,HIGH(-@0)
                 	SBCI R22,BYTE3(-@0)
                 	SBCI R23,BYTE4(-@0)
                 	.ENDM
                 
                 	.MACRO __ADDD2N
                 	SUBI R26,LOW(-@0)
                 	SBCI R27,HIGH(-@0)
                 	SBCI R24,BYTE3(-@0)
                 	SBCI R25,BYTE4(-@0)
                 	.ENDM
                 
                 	.MACRO __SUBD1N
                 	SUBI R30,LOW(@0)
                 	SBCI R31,HIGH(@0)
                 	SBCI R22,BYTE3(@0)
                 	SBCI R23,BYTE4(@0)
                 	.ENDM
                 
                 	.MACRO __SUBD2N
                 	SUBI R26,LOW(@0)
                 	SBCI R27,HIGH(@0)
                 	SBCI R24,BYTE3(@0)
                 	SBCI R25,BYTE4(@0)
                 	.ENDM
                 
                 	.MACRO __ANDBMNN
                 	LDS  R30,@0+(@1)
                 	ANDI R30,LOW(@2)
                 	STS  @0+(@1),R30
                 	.ENDM
                 
                 	.MACRO __ANDWMNN
                 	LDS  R30,@0+(@1)
                 	ANDI R30,LOW(@2)
                 	STS  @0+(@1),R30
                 	LDS  R30,@0+(@1)+1
                 	ANDI R30,HIGH(@2)
                 	STS  @0+(@1)+1,R30
                 	.ENDM
                 
                 	.MACRO __ANDD1N
                 	ANDI R30,LOW(@0)
                 	ANDI R31,HIGH(@0)
                 	ANDI R22,BYTE3(@0)
                 	ANDI R23,BYTE4(@0)
                 	.ENDM
                 
                 	.MACRO __ANDD2N
                 	ANDI R26,LOW(@0)
                 	ANDI R27,HIGH(@0)
                 	ANDI R24,BYTE3(@0)
                 	ANDI R25,BYTE4(@0)
                 	.ENDM
                 
                 	.MACRO __ORBMNN
                 	LDS  R30,@0+(@1)
                 	ORI  R30,LOW(@2)
                 	STS  @0+(@1),R30
                 	.ENDM
                 
                 	.MACRO __ORWMNN
                 	LDS  R30,@0+(@1)
                 	ORI  R30,LOW(@2)
                 	STS  @0+(@1),R30
                 	LDS  R30,@0+(@1)+1
                 	ORI  R30,HIGH(@2)
                 	STS  @0+(@1)+1,R30
                 	.ENDM
                 
                 	.MACRO __ORD1N
                 	ORI  R30,LOW(@0)
                 	ORI  R31,HIGH(@0)
                 	ORI  R22,BYTE3(@0)
                 	ORI  R23,BYTE4(@0)
                 	.ENDM
                 
                 	.MACRO __ORD2N
                 	ORI  R26,LOW(@0)
                 	ORI  R27,HIGH(@0)
                 	ORI  R24,BYTE3(@0)
                 	ORI  R25,BYTE4(@0)
                 	.ENDM
                 
                 	.MACRO __DELAY_USB
                 	LDI  R24,LOW(@0)
                 __DELAY_USB_LOOP:
                 	DEC  R24
                 	BRNE __DELAY_USB_LOOP
                 	.ENDM
                 
                 	.MACRO __DELAY_USW
                 	LDI  R24,LOW(@0)
                 	LDI  R25,HIGH(@0)
                 __DELAY_USW_LOOP:
                 	SBIW R24,1
                 	BRNE __DELAY_USW_LOOP
                 	.ENDM
                 
                 	.MACRO __GETD1S
                 	LDD  R30,Y+@0
                 	LDD  R31,Y+@0+1
                 	LDD  R22,Y+@0+2
                 	LDD  R23,Y+@0+3
                 	.ENDM
                 
                 	.MACRO __GETD2S
                 	LDD  R26,Y+@0
                 	LDD  R27,Y+@0+1
                 	LDD  R24,Y+@0+2
                 	LDD  R25,Y+@0+3
                 	.ENDM
                 
                 	.MACRO __PUTD1S
                 	STD  Y+@0,R30
                 	STD  Y+@0+1,R31
                 	STD  Y+@0+2,R22
                 	STD  Y+@0+3,R23
                 	.ENDM
                 
                 	.MACRO __PUTD2S
                 	STD  Y+@0,R26
                 	STD  Y+@0+1,R27
                 	STD  Y+@0+2,R24
                 	STD  Y+@0+3,R25
                 	.ENDM
                 
                 	.MACRO __PUTDZ2
                 	STD  Z+@0,R26
                 	STD  Z+@0+1,R27
                 	STD  Z+@0+2,R24
                 	STD  Z+@0+3,R25
                 	.ENDM
                 
                 	.MACRO __CLRD1S
                 	STD  Y+@0,R30
                 	STD  Y+@0+1,R30
                 	STD  Y+@0+2,R30
                 	STD  Y+@0+3,R30
                 	.ENDM
                 
                 	.MACRO __POINTB1MN
                 	LDI  R30,LOW(@0+(@1))
                 	.ENDM
                 
                 	.MACRO __POINTW1MN
                 	LDI  R30,LOW(@0+(@1))
                 	LDI  R31,HIGH(@0+(@1))
                 	.ENDM
                 
                 	.MACRO __POINTD1M
                 	LDI  R30,LOW(@0)
                 	LDI  R31,HIGH(@0)
                 	LDI  R22,BYTE3(@0)
                 	LDI  R23,BYTE4(@0)
                 	.ENDM
                 
                 	.MACRO __POINTW1FN
                 	LDI  R30,LOW(2*@0+(@1))
                 	LDI  R31,HIGH(2*@0+(@1))
                 	.ENDM
                 
                 	.MACRO __POINTD1FN
                 	LDI  R30,LOW(2*@0+(@1))
                 	LDI  R31,HIGH(2*@0+(@1))
                 	LDI  R22,BYTE3(2*@0+(@1))
                 	LDI  R23,BYTE4(2*@0+(@1))
                 	.ENDM
                 
                 	.MACRO __POINTB2MN
                 	LDI  R26,LOW(@0+(@1))
                 	.ENDM
                 
                 	.MACRO __POINTW2MN
                 	LDI  R26,LOW(@0+(@1))
                 	LDI  R27,HIGH(@0+(@1))
                 	.ENDM
                 
                 	.MACRO __POINTW2FN
                 	LDI  R26,LOW(2*@0+(@1))
                 	LDI  R27,HIGH(2*@0+(@1))
                 	.ENDM
                 
                 	.MACRO __POINTD2FN
                 	LDI  R26,LOW(2*@0+(@1))
                 	LDI  R27,HIGH(2*@0+(@1))
                 	LDI  R24,BYTE3(2*@0+(@1))
                 	LDI  R25,BYTE4(2*@0+(@1))
                 	.ENDM
                 
                 	.MACRO __POINTBRM
                 	LDI  R@0,LOW(@1)
                 	.ENDM
                 
                 	.MACRO __POINTWRM
                 	LDI  R@0,LOW(@2)
                 	LDI  R@1,HIGH(@2)
                 	.ENDM
                 
                 	.MACRO __POINTBRMN
                 	LDI  R@0,LOW(@1+(@2))
                 	.ENDM
                 
                 	.MACRO __POINTWRMN
                 	LDI  R@0,LOW(@2+(@3))
                 	LDI  R@1,HIGH(@2+(@3))
                 	.ENDM
                 
                 	.MACRO __POINTWRFN
                 	LDI  R@0,LOW(@2*2+(@3))
                 	LDI  R@1,HIGH(@2*2+(@3))
                 	.ENDM
                 
                 	.MACRO __GETD1N
                 	LDI  R30,LOW(@0)
                 	LDI  R31,HIGH(@0)
                 	LDI  R22,BYTE3(@0)
                 	LDI  R23,BYTE4(@0)
                 	.ENDM
                 
                 	.MACRO __GETD2N
                 	LDI  R26,LOW(@0)
                 	LDI  R27,HIGH(@0)
                 	LDI  R24,BYTE3(@0)
                 	LDI  R25,BYTE4(@0)
                 	.ENDM
                 
                 	.MACRO __GETB1MN
                 	LDS  R30,@0+(@1)
                 	.ENDM
                 
                 	.MACRO __GETB1HMN
                 	LDS  R31,@0+(@1)
                 	.ENDM
                 
                 	.MACRO __GETW1MN
                 	LDS  R30,@0+(@1)
                 	LDS  R31,@0+(@1)+1
                 	.ENDM
                 
                 	.MACRO __GETD1MN
                 	LDS  R30,@0+(@1)
                 	LDS  R31,@0+(@1)+1
                 	LDS  R22,@0+(@1)+2
                 	LDS  R23,@0+(@1)+3
                 	.ENDM
                 
                 	.MACRO __GETBRMN
                 	LDS  R@0,@1+(@2)
                 	.ENDM
                 
                 	.MACRO __GETWRMN
                 	LDS  R@0,@2+(@3)
                 	LDS  R@1,@2+(@3)+1
                 	.ENDM
                 
                 	.MACRO __GETWRZ
                 	LDD  R@0,Z+@2
                 	LDD  R@1,Z+@2+1
                 	.ENDM
                 
                 	.MACRO __GETD2Z
                 	LDD  R26,Z+@0
                 	LDD  R27,Z+@0+1
                 	LDD  R24,Z+@0+2
                 	LDD  R25,Z+@0+3
                 	.ENDM
                 
                 	.MACRO __GETB2MN
                 	LDS  R26,@0+(@1)
                 	.ENDM
                 
                 	.MACRO __GETW2MN
                 	LDS  R26,@0+(@1)
                 	LDS  R27,@0+(@1)+1
                 	.ENDM
                 
                 	.MACRO __GETD2MN
                 	LDS  R26,@0+(@1)
                 	LDS  R27,@0+(@1)+1
                 	LDS  R24,@0+(@1)+2
                 	LDS  R25,@0+(@1)+3
                 	.ENDM
                 
                 	.MACRO __PUTB1MN
                 	STS  @0+(@1),R30
                 	.ENDM
                 
                 	.MACRO __PUTW1MN
                 	STS  @0+(@1),R30
                 	STS  @0+(@1)+1,R31
                 	.ENDM
                 
                 	.MACRO __PUTD1MN
                 	STS  @0+(@1),R30
                 	STS  @0+(@1)+1,R31
                 	STS  @0+(@1)+2,R22
                 	STS  @0+(@1)+3,R23
                 	.ENDM
                 
                 	.MACRO __PUTB1EN
                 	LDI  R26,LOW(@0+(@1))
                 	LDI  R27,HIGH(@0+(@1))
                 	CALL __EEPROMWRB
                 	.ENDM
                 
                 	.MACRO __PUTW1EN
                 	LDI  R26,LOW(@0+(@1))
                 	LDI  R27,HIGH(@0+(@1))
                 	CALL __EEPROMWRW
                 	.ENDM
                 
                 	.MACRO __PUTD1EN
                 	LDI  R26,LOW(@0+(@1))
                 	LDI  R27,HIGH(@0+(@1))
                 	CALL __EEPROMWRD
                 	.ENDM
                 
                 	.MACRO __PUTBR0MN
                 	STS  @0+(@1),R0
                 	.ENDM
                 
                 	.MACRO __PUTBMRN
                 	STS  @0+(@1),R@2
                 	.ENDM
                 
                 	.MACRO __PUTWMRN
                 	STS  @0+(@1),R@2
                 	STS  @0+(@1)+1,R@3
                 	.ENDM
                 
                 	.MACRO __PUTBZR
                 	STD  Z+@1,R@0
                 	.ENDM
                 
                 	.MACRO __PUTWZR
                 	STD  Z+@2,R@0
                 	STD  Z+@2+1,R@1
                 	.ENDM
                 
                 	.MACRO __GETW1R
                 	MOV  R30,R@0
                 	MOV  R31,R@1
                 	.ENDM
                 
                 	.MACRO __GETW2R
                 	MOV  R26,R@0
                 	MOV  R27,R@1
                 	.ENDM
                 
                 	.MACRO __GETWRN
                 	LDI  R@0,LOW(@2)
                 	LDI  R@1,HIGH(@2)
                 	.ENDM
                 
                 	.MACRO __PUTW1R
                 	MOV  R@0,R30
                 	MOV  R@1,R31
                 	.ENDM
                 
                 	.MACRO __PUTW2R
                 	MOV  R@0,R26
                 	MOV  R@1,R27
                 	.ENDM
                 
                 	.MACRO __ADDWRN
                 	SUBI R@0,LOW(-@2)
                 	SBCI R@1,HIGH(-@2)
                 	.ENDM
                 
                 	.MACRO __ADDWRR
                 	ADD  R@0,R@2
                 	ADC  R@1,R@3
                 	.ENDM
                 
                 	.MACRO __SUBWRN
                 	SUBI R@0,LOW(@2)
                 	SBCI R@1,HIGH(@2)
                 	.ENDM
                 
                 	.MACRO __SUBWRR
                 	SUB  R@0,R@2
                 	SBC  R@1,R@3
                 	.ENDM
                 
                 	.MACRO __ANDWRN
                 	ANDI R@0,LOW(@2)
                 	ANDI R@1,HIGH(@2)
                 	.ENDM
                 
                 	.MACRO __ANDWRR
                 	AND  R@0,R@2
                 	AND  R@1,R@3
                 	.ENDM
                 
                 	.MACRO __ORWRN
                 	ORI  R@0,LOW(@2)
                 	ORI  R@1,HIGH(@2)
                 	.ENDM
                 
                 	.MACRO __ORWRR
                 	OR   R@0,R@2
                 	OR   R@1,R@3
                 	.ENDM
                 
                 	.MACRO __EORWRR
                 	EOR  R@0,R@2
                 	EOR  R@1,R@3
                 	.ENDM
                 
                 	.MACRO __GETWRS
                 	LDD  R@0,Y+@2
                 	LDD  R@1,Y+@2+1
                 	.ENDM
                 
                 	.MACRO __PUTBSR
                 	STD  Y+@1,R@0
                 	.ENDM
                 
                 	.MACRO __PUTWSR
                 	STD  Y+@2,R@0
                 	STD  Y+@2+1,R@1
                 	.ENDM
                 
                 	.MACRO __MOVEWRR
                 	MOV  R@0,R@2
                 	MOV  R@1,R@3
                 	.ENDM
                 
                 	.MACRO __INWR
                 	IN   R@0,@2
                 	IN   R@1,@2+1
                 	.ENDM
                 
                 	.MACRO __OUTWR
                 	OUT  @2+1,R@1
                 	OUT  @2,R@0
                 	.ENDM
                 
                 	.MACRO __CALL1MN
                 	LDS  R30,@0+(@1)
                 	LDS  R31,@0+(@1)+1
                 	ICALL
                 	.ENDM
                 
                 	.MACRO __CALL1FN
                 	LDI  R30,LOW(2*@0+(@1))
                 	LDI  R31,HIGH(2*@0+(@1))
                 	CALL __GETW1PF
                 	ICALL
                 	.ENDM
                 
                 	.MACRO __CALL2EN
                 	PUSH R26
                 	PUSH R27
                 	LDI  R26,LOW(@0+(@1))
                 	LDI  R27,HIGH(@0+(@1))
                 	CALL __EEPROMRDW
                 	POP  R27
                 	POP  R26
                 	ICALL
                 	.ENDM
                 
                 	.MACRO __CALL2EX
                 	SUBI R26,LOW(-@0)
                 	SBCI R27,HIGH(-@0)
                 	CALL __EEPROMRDD
                 	ICALL
                 	.ENDM
                 
                 	.MACRO __GETW1STACK
                 	IN   R30,SPL
                 	IN   R31,SPH
                 	ADIW R30,@0+1
                 	LD   R0,Z+
                 	LD   R31,Z
                 	MOV  R30,R0
                 	.ENDM
                 
                 	.MACRO __GETD1STACK
                 	IN   R30,SPL
                 	IN   R31,SPH
                 	ADIW R30,@0+1
                 	LD   R0,Z+
                 	LD   R1,Z+
                 	LD   R22,Z
                 	MOVW R30,R0
                 	.ENDM
                 
                 	.MACRO __NBST
                 	BST  R@0,@1
                 	IN   R30,SREG
                 	LDI  R31,0x40
                 	EOR  R30,R31
                 	OUT  SREG,R30
                 	.ENDM
                 
                 
                 	.MACRO __PUTB1SN
                 	LDD  R26,Y+@0
                 	LDD  R27,Y+@0+1
                 	SUBI R26,LOW(-@1)
                 	SBCI R27,HIGH(-@1)
                 	ST   X,R30
                 	.ENDM
                 
                 	.MACRO __PUTW1SN
                 	LDD  R26,Y+@0
                 	LDD  R27,Y+@0+1
                 	SUBI R26,LOW(-@1)
                 	SBCI R27,HIGH(-@1)
                 	ST   X+,R30
                 	ST   X,R31
                 	.ENDM
                 
                 	.MACRO __PUTD1SN
                 	LDD  R26,Y+@0
                 	LDD  R27,Y+@0+1
                 	SUBI R26,LOW(-@1)
                 	SBCI R27,HIGH(-@1)
                 	CALL __PUTDP1
                 	.ENDM
                 
                 	.MACRO __PUTB1SNS
                 	LDD  R26,Y+@0
                 	LDD  R27,Y+@0+1
                 	ADIW R26,@1
                 	ST   X,R30
                 	.ENDM
                 
                 	.MACRO __PUTW1SNS
                 	LDD  R26,Y+@0
                 	LDD  R27,Y+@0+1
                 	ADIW R26,@1
                 	ST   X+,R30
                 	ST   X,R31
                 	.ENDM
                 
                 	.MACRO __PUTD1SNS
                 	LDD  R26,Y+@0
                 	LDD  R27,Y+@0+1
                 	ADIW R26,@1
                 	CALL __PUTDP1
                 	.ENDM
                 
                 	.MACRO __PUTB1PMN
                 	LDS  R26,@0
                 	LDS  R27,@0+1
                 	SUBI R26,LOW(-@1)
                 	SBCI R27,HIGH(-@1)
                 	ST   X,R30
                 	.ENDM
                 
                 	.MACRO __PUTW1PMN
                 	LDS  R26,@0
                 	LDS  R27,@0+1
                 	SUBI R26,LOW(-@1)
                 	SBCI R27,HIGH(-@1)
                 	ST   X+,R30
                 	ST   X,R31
                 	.ENDM
                 
                 	.MACRO __PUTD1PMN
                 	LDS  R26,@0
                 	LDS  R27,@0+1
                 	SUBI R26,LOW(-@1)
                 	SBCI R27,HIGH(-@1)
                 	CALL __PUTDP1
                 	.ENDM
                 
                 	.MACRO __PUTB1PMNS
                 	LDS  R26,@0
                 	LDS  R27,@0+1
                 	ADIW R26,@1
                 	ST   X,R30
                 	.ENDM
                 
                 	.MACRO __PUTW1PMNS
                 	LDS  R26,@0
                 	LDS  R27,@0+1
                 	ADIW R26,@1
                 	ST   X+,R30
                 	ST   X,R31
                 	.ENDM
                 
                 	.MACRO __PUTD1PMNS
                 	LDS  R26,@0
                 	LDS  R27,@0+1
                 	ADIW R26,@1
                 	CALL __PUTDP1
                 	.ENDM
                 
                 	.MACRO __PUTB1RN
                 	MOVW R26,R@0
                 	SUBI R26,LOW(-@1)
                 	SBCI R27,HIGH(-@1)
                 	ST   X,R30
                 	.ENDM
                 
                 	.MACRO __PUTW1RN
                 	MOVW R26,R@0
                 	SUBI R26,LOW(-@1)
                 	SBCI R27,HIGH(-@1)
                 	ST   X+,R30
                 	ST   X,R31
                 	.ENDM
                 
                 	.MACRO __PUTD1RN
                 	MOVW R26,R@0
                 	SUBI R26,LOW(-@1)
                 	SBCI R27,HIGH(-@1)
                 	CALL __PUTDP1
                 	.ENDM
                 
                 	.MACRO __PUTB1RNS
                 	MOVW R26,R@0
                 	ADIW R26,@1
                 	ST   X,R30
                 	.ENDM
                 
                 	.MACRO __PUTW1RNS
                 	MOVW R26,R@0
                 	ADIW R26,@1
                 	ST   X+,R30
                 	ST   X,R31
                 	.ENDM
                 
                 	.MACRO __PUTD1RNS
                 	MOVW R26,R@0
                 	ADIW R26,@1
                 	CALL __PUTDP1
                 	.ENDM
                 
                 	.MACRO __PUTB1RON
                 	MOV  R26,R@0
                 	MOV  R27,R@1
                 	SUBI R26,LOW(-@2)
                 	SBCI R27,HIGH(-@2)
                 	ST   X,R30
                 	.ENDM
                 
                 	.MACRO __PUTW1RON
                 	MOV  R26,R@0
                 	MOV  R27,R@1
                 	SUBI R26,LOW(-@2)
                 	SBCI R27,HIGH(-@2)
                 	ST   X+,R30
                 	ST   X,R31
                 	.ENDM
                 
                 	.MACRO __PUTD1RON
                 	MOV  R26,R@0
                 	MOV  R27,R@1
                 	SUBI R26,LOW(-@2)
                 	SBCI R27,HIGH(-@2)
                 	CALL __PUTDP1
                 	.ENDM
                 
                 	.MACRO __PUTB1RONS
                 	MOV  R26,R@0
                 	MOV  R27,R@1
                 	ADIW R26,@2
                 	ST   X,R30
                 	.ENDM
                 
                 	.MACRO __PUTW1RONS
                 	MOV  R26,R@0
                 	MOV  R27,R@1
                 	ADIW R26,@2
                 	ST   X+,R30
                 	ST   X,R31
                 	.ENDM
                 
                 	.MACRO __PUTD1RONS
                 	MOV  R26,R@0
                 	MOV  R27,R@1
                 	ADIW R26,@2
                 	CALL __PUTDP1
                 	.ENDM
                 
                 
                 	.MACRO __GETB1SX
                 	MOVW R30,R28
                 	SUBI R30,LOW(-@0)
                 	SBCI R31,HIGH(-@0)
                 	LD   R30,Z
                 	.ENDM
                 
                 	.MACRO __GETB1HSX
                 	MOVW R30,R28
                 	SUBI R30,LOW(-@0)
                 	SBCI R31,HIGH(-@0)
                 	LD   R31,Z
                 	.ENDM
                 
                 	.MACRO __GETW1SX
                 	MOVW R30,R28
                 	SUBI R30,LOW(-@0)
                 	SBCI R31,HIGH(-@0)
                 	LD   R0,Z+
                 	LD   R31,Z
                 	MOV  R30,R0
                 	.ENDM
                 
                 	.MACRO __GETD1SX
                 	MOVW R30,R28
                 	SUBI R30,LOW(-@0)
                 	SBCI R31,HIGH(-@0)
                 	LD   R0,Z+
                 	LD   R1,Z+
                 	LD   R22,Z+
                 	LD   R23,Z
                 	MOVW R30,R0
                 	.ENDM
                 
                 	.MACRO __GETB2SX
                 	MOVW R26,R28
                 	SUBI R26,LOW(-@0)
                 	SBCI R27,HIGH(-@0)
                 	LD   R26,X
                 	.ENDM
                 
                 	.MACRO __GETW2SX
                 	MOVW R26,R28
                 	SUBI R26,LOW(-@0)
                 	SBCI R27,HIGH(-@0)
                 	LD   R0,X+
                 	LD   R27,X
                 	MOV  R26,R0
                 	.ENDM
                 
                 	.MACRO __GETD2SX
                 	MOVW R26,R28
                 	SUBI R26,LOW(-@0)
                 	SBCI R27,HIGH(-@0)
                 	LD   R0,X+
                 	LD   R1,X+
                 	LD   R24,X+
                 	LD   R25,X
                 	MOVW R26,R0
                 	.ENDM
                 
                 	.MACRO __GETBRSX
                 	MOVW R30,R28
                 	SUBI R30,LOW(-@1)
                 	SBCI R31,HIGH(-@1)
                 	LD   R@0,Z
                 	.ENDM
                 
                 	.MACRO __GETWRSX
                 	MOVW R30,R28
                 	SUBI R30,LOW(-@2)
                 	SBCI R31,HIGH(-@2)
                 	LD   R@0,Z+
                 	LD   R@1,Z
                 	.ENDM
                 
                 	.MACRO __GETBRSX2
                 	MOVW R26,R28
                 	SUBI R26,LOW(-@1)
                 	SBCI R27,HIGH(-@1)
                 	LD   R@0,X
                 	.ENDM
                 
                 	.MACRO __GETWRSX2
                 	MOVW R26,R28
                 	SUBI R26,LOW(-@2)
                 	SBCI R27,HIGH(-@2)
                 	LD   R@0,X+
                 	LD   R@1,X
                 	.ENDM
                 
                 	.MACRO __LSLW8SX
                 	MOVW R30,R28
                 	SUBI R30,LOW(-@0)
                 	SBCI R31,HIGH(-@0)
                 	LD   R31,Z
                 	CLR  R30
                 	.ENDM
                 
                 	.MACRO __PUTB1SX
                 	MOVW R26,R28
                 	SUBI R26,LOW(-@0)
                 	SBCI R27,HIGH(-@0)
                 	ST   X,R30
                 	.ENDM
                 
                 	.MACRO __PUTW1SX
                 	MOVW R26,R28
                 	SUBI R26,LOW(-@0)
                 	SBCI R27,HIGH(-@0)
                 	ST   X+,R30
                 	ST   X,R31
                 	.ENDM
                 
                 	.MACRO __PUTD1SX
                 	MOVW R26,R28
                 	SUBI R26,LOW(-@0)
                 	SBCI R27,HIGH(-@0)
                 	ST   X+,R30
                 	ST   X+,R31
                 	ST   X+,R22
                 	ST   X,R23
                 	.ENDM
                 
                 	.MACRO __CLRW1SX
                 	MOVW R26,R28
                 	SUBI R26,LOW(-@0)
                 	SBCI R27,HIGH(-@0)
                 	ST   X+,R30
                 	ST   X,R30
                 	.ENDM
                 
                 	.MACRO __CLRD1SX
                 	MOVW R26,R28
                 	SUBI R26,LOW(-@0)
                 	SBCI R27,HIGH(-@0)
                 	ST   X+,R30
                 	ST   X+,R30
                 	ST   X+,R30
                 	ST   X,R30
                 	.ENDM
                 
                 	.MACRO __PUTB2SX
                 	MOVW R30,R28
                 	SUBI R30,LOW(-@0)
                 	SBCI R31,HIGH(-@0)
                 	ST   Z,R26
                 	.ENDM
                 
                 	.MACRO __PUTW2SX
                 	MOVW R30,R28
                 	SUBI R30,LOW(-@0)
                 	SBCI R31,HIGH(-@0)
                 	ST   Z+,R26
                 	ST   Z,R27
                 	.ENDM
                 
                 	.MACRO __PUTD2SX
                 	MOVW R30,R28
                 	SUBI R30,LOW(-@0)
                 	SBCI R31,HIGH(-@0)
                 	ST   Z+,R26
                 	ST   Z+,R27
                 	ST   Z+,R24
                 	ST   Z,R25
                 	.ENDM
                 
                 	.MACRO __PUTBSRX
                 	MOVW R30,R28
                 	SUBI R30,LOW(-@1)
                 	SBCI R31,HIGH(-@1)
                 	ST   Z,R@0
                 	.ENDM
                 
                 	.MACRO __PUTWSRX
                 	MOVW R30,R28
                 	SUBI R30,LOW(-@2)
                 	SBCI R31,HIGH(-@2)
                 	ST   Z+,R@0
                 	ST   Z,R@1
                 	.ENDM
                 
                 	.MACRO __PUTB1SNX
                 	MOVW R26,R28
                 	SUBI R26,LOW(-@0)
                 	SBCI R27,HIGH(-@0)
                 	LD   R0,X+
                 	LD   R27,X
                 	MOV  R26,R0
                 	SUBI R26,LOW(-@1)
                 	SBCI R27,HIGH(-@1)
                 	ST   X,R30
                 	.ENDM
                 
                 	.MACRO __PUTW1SNX
                 	MOVW R26,R28
                 	SUBI R26,LOW(-@0)
                 	SBCI R27,HIGH(-@0)
                 	LD   R0,X+
                 	LD   R27,X
                 	MOV  R26,R0
                 	SUBI R26,LOW(-@1)
                 	SBCI R27,HIGH(-@1)
                 	ST   X+,R30
                 	ST   X,R31
                 	.ENDM
                 
                 	.MACRO __PUTD1SNX
                 	MOVW R26,R28
                 	SUBI R26,LOW(-@0)
                 	SBCI R27,HIGH(-@0)
                 	LD   R0,X+
                 	LD   R27,X
                 	MOV  R26,R0
                 	SUBI R26,LOW(-@1)
                 	SBCI R27,HIGH(-@1)
                 	ST   X+,R30
                 	ST   X+,R31
                 	ST   X+,R22
                 	ST   X,R23
                 	.ENDM
                 
                 	.MACRO __MULBRR
                 	MULS R@0,R@1
                 	MOVW R30,R0
                 	.ENDM
                 
                 	.MACRO __MULBRRU
                 	MUL  R@0,R@1
                 	MOVW R30,R0
                 	.ENDM
                 
                 	.MACRO __MULBRR0
                 	MULS R@0,R@1
                 	.ENDM
                 
                 	.MACRO __MULBRRU0
                 	MUL  R@0,R@1
                 	.ENDM
                 
                 	.MACRO __MULBNWRU
                 	LDI  R26,@2
                 	MUL  R26,R@0
                 	MOVW R30,R0
                 	MUL  R26,R@1
                 	ADD  R31,R0
                 	.ENDM
                 
                 	.CSEG
                 	.ORG 0x00
                 
                 ;START OF CODE MARKER
                 __START_OF_CODE:
                 
                 ;INTERRUPT VECTORS
000000 940c 003d 	JMP  __RESET
000002 940c 0000 	JMP  0x00
000004 940c 0000 	JMP  0x00
000006 940c 0000 	JMP  0x00
000008 940c 0000 	JMP  0x00
00000a 940c 0000 	JMP  0x00
00000c 940c 0000 	JMP  0x00
00000e 940c 0000 	JMP  0x00
000010 940c 0000 	JMP  0x00
000012 940c 0000 	JMP  0x00
000014 940c 0000 	JMP  0x00
000016 940c 0000 	JMP  0x00
000018 940c 0000 	JMP  0x00
00001a 940c 0000 	JMP  0x00
00001c 940c 0000 	JMP  0x00
00001e 940c 0000 	JMP  0x00
000020 940c 0000 	JMP  0x00
000022 940c 0000 	JMP  0x00
000024 940c 0000 	JMP  0x00
000026 940c 0000 	JMP  0x00
000028 940c 0000 	JMP  0x00
                 
                 _tbl10_G101:
00002a 2710
00002b 03e8
00002c 0064
00002d 000a      	.DB  0x10,0x27,0xE8,0x3,0x64,0x0,0xA,0x0
00002e 0001      	.DB  0x1,0x0
                 _tbl16_G101:
00002f 1000
000030 0100
000031 0010
000032 0001      	.DB  0x0,0x10,0x0,0x1,0x10,0x0,0x1,0x0
                 
                 _0x2000060:
H:\code_vision\7.1\1\Debug\List\m1.asm(1123): warning: .cseg .db misalignment - padding zero byte
000033 0001      	.DB  0x1
                 _0x2000000:
000034 4e2d
000035 4e41
000036 4900
000037 464e      	.DB  0x2D,0x4E,0x41,0x4E,0x0,0x49,0x4E,0x46
H:\code_vision\7.1\1\Debug\List\m1.asm(1126): warning: .cseg .db misalignment - padding zero byte
000038 0000      	.DB  0x0
                 
                 __GLOBAL_INI_TBL:
000039 0001      	.DW  0x01
00003a 0260      	.DW  __seed_G100
00003b 0066      	.DW  _0x2000060*2
                 
                 _0xFFFFFFFF:
00003c 0000      	.DW  0
                 
                 #define __GLOBAL_INI_TBL_PRESENT 1
                 
                 __RESET:
00003d 94f8      	CLI
00003e 27ee      	CLR  R30
00003f bbec      	OUT  EECR,R30
                 
                 ;INTERRUPT VECTORS ARE PLACED
                 ;AT THE START OF FLASH
000040 e0f1      	LDI  R31,1
000041 bffb      	OUT  GICR,R31
000042 bfeb      	OUT  GICR,R30
000043 bfe5      	OUT  MCUCR,R30
                 
                 ;CLEAR R2-R14
000044 e08d      	LDI  R24,(14-2)+1
000045 e0a2      	LDI  R26,2
000046 27bb      	CLR  R27
                 __CLEAR_REG:
000047 93ed      	ST   X+,R30
000048 958a      	DEC  R24
000049 f7e9      	BRNE __CLEAR_REG
                 
                 ;CLEAR SRAM
00004a e080      	LDI  R24,LOW(__CLEAR_SRAM_SIZE)
00004b e098      	LDI  R25,HIGH(__CLEAR_SRAM_SIZE)
00004c e6a0      	LDI  R26,__SRAM_START
                 __CLEAR_SRAM:
00004d 93ed      	ST   X+,R30
00004e 9701      	SBIW R24,1
00004f f7e9      	BRNE __CLEAR_SRAM
                 
                 ;GLOBAL VARIABLES INITIALIZATION
000050 e7e2      	LDI  R30,LOW(__GLOBAL_INI_TBL*2)
000051 e0f0      	LDI  R31,HIGH(__GLOBAL_INI_TBL*2)
                 __GLOBAL_INI_NEXT:
000052 9185      	LPM  R24,Z+
000053 9195      	LPM  R25,Z+
000054 9700      	SBIW R24,0
000055 f061      	BREQ __GLOBAL_INI_END
000056 91a5      	LPM  R26,Z+
000057 91b5      	LPM  R27,Z+
000058 9005      	LPM  R0,Z+
000059 9015      	LPM  R1,Z+
00005a 01bf      	MOVW R22,R30
00005b 01f0      	MOVW R30,R0
                 __GLOBAL_INI_LOOP:
00005c 9005      	LPM  R0,Z+
00005d 920d      	ST   X+,R0
00005e 9701      	SBIW R24,1
00005f f7e1      	BRNE __GLOBAL_INI_LOOP
000060 01fb      	MOVW R30,R22
000061 cff0      	RJMP __GLOBAL_INI_NEXT
                 __GLOBAL_INI_END:
                 
                 ;HARDWARE STACK POINTER INITIALIZATION
000062 e5ef      	LDI  R30,LOW(__SRAM_END-__HEAP_SIZE)
000063 bfed      	OUT  SPL,R30
000064 e0e8      	LDI  R30,HIGH(__SRAM_END-__HEAP_SIZE)
000065 bfee      	OUT  SPH,R30
                 
                 ;DATA STACK POINTER INITIALIZATION
000066 e6c0      	LDI  R28,LOW(__SRAM_START+__DSTACK_SIZE)
000067 e0d2      	LDI  R29,HIGH(__SRAM_START+__DSTACK_SIZE)
                 
000068 940c 0078 	JMP  _main
                 
                 	.ESEG
                 	.ORG 0
                 
                 	.DSEG
                 	.ORG 0x260
                 
                 	.CSEG
                 ;/*******************************************************
                 ;This program was created by the
                 ;CodeWizardAVR V3.12 Advanced
                 ;Automatic Program Generator
                 ;© Copyright 1998-2014 Pavel Haiduc, HP InfoTech s.r.l.
                 ;http://www.hpinfotech.com
                 ;
                 ;Project :
                 ;Version :
                 ;Date    : 5/26/2022
                 ;Author  :
                 ;Company :
                 ;Comments:
                 ;
                 ;
                 ;Chip type               : ATmega32
                 ;Program type            : Application
                 ;AVR Core Clock frequency: 8.000000 MHz
                 ;Memory model            : Small
                 ;External RAM size       : 0
                 ;Data Stack size         : 512
                 ;*******************************************************/
                 ;
                 ;#include <mega32.h>
                 	#ifndef __SLEEP_DEFINED__
                 	#define __SLEEP_DEFINED__
                 	.EQU __se_bit=0x80
                 	.EQU __sm_mask=0x70
                 	.EQU __sm_powerdown=0x20
                 	.EQU __sm_powersave=0x30
                 	.EQU __sm_standby=0x60
                 	.EQU __sm_ext_standby=0x70
                 	.EQU __sm_adc_noise_red=0x10
                 	.SET power_ctrl_reg=mcucr
                 	#endif
                 ;#include <stdlib.h>
                 ;#include <delay.h>
                 ;
                 ;// Declare your global variables here
                 ;
                 ;// Standard Input/Output functions
                 ;#include <stdio.h>
                 ;
                 ;// Voltage Reference: AREF pin
                 ;#define ADC_VREF_TYPE ((0<<REFS1) | (0<<REFS0) | (0<<ADLAR))
                 ;
                 ;// Read the AD conversion result
                 ;unsigned int read_adc(unsigned char adc_input)
                 ; 0000 0026 {
                 
                 	.CSEG
                 _read_adc:
                 ; .FSTART _read_adc
                 ; 0000 0027 ADMUX=adc_input | ADC_VREF_TYPE;
00006a 93aa      	ST   -Y,R26
                 ;	adc_input -> Y+0
00006b 81e8      	LD   R30,Y
00006c b9e7      	OUT  0x7,R30
                 ; 0000 0028 // Delay needed for the stabilization of the ADC input voltage
                 ; 0000 0029 delay_us(10);
                +
00006d e18b     +LDI R24 , LOW ( 27 )
                +__DELAY_USB_LOOP :
00006e 958a     +DEC R24
00006f f7f1     +BRNE __DELAY_USB_LOOP
                 	__DELAY_USB 27
                 ; 0000 002A // Start the AD conversion
                 ; 0000 002B ADCSRA|=(1<<ADSC);
000070 9a36      	SBI  0x6,6
                 ; 0000 002C // Wait for the AD conversion to complete
                 ; 0000 002D while ((ADCSRA & (1<<ADIF))==0);
                 _0x3:
000071 9b34      	SBIS 0x6,4
000072 cffe      	RJMP _0x3
                 ; 0000 002E ADCSRA|=(1<<ADIF);
000073 9a34      	SBI  0x6,4
                 ; 0000 002F return ADCW;
000074 b1e4      	IN   R30,0x4
000075 b1f5      	IN   R31,0x4+1
000076 940c 019f 	JMP  _0x20A0002
                 ; 0000 0030 }
                 ; .FEND
                 ;
                 ;void main(void)
                 ; 0000 0033 {
                 _main:
                 ; .FSTART _main
                 ; 0000 0034 // Declare your local variables here
                 ; 0000 0035 char channel ;
                 ; 0000 0036 float x,v;
                 ; 0000 0037 char pot[8];
                 ; 0000 0038 int i;
                 ; 0000 0039 
                 ; 0000 003A // Input/Output Ports initialization
                 ; 0000 003B // Port A initialization
                 ; 0000 003C // Function: Bit7=In Bit6=In Bit5=In Bit4=In Bit3=In Bit2=In Bit1=In Bit0=In
                 ; 0000 003D DDRA=(0<<DDA7) | (0<<DDA6) | (0<<DDA5) | (0<<DDA4) | (0<<DDA3) | (0<<DDA2) | (0<<DDA1) | (0<<DDA0);
000078 9760      	SBIW R28,16
                 ;	channel -> R17
                 ;	x -> Y+12
                 ;	v -> Y+8
                 ;	pot -> Y+0
                 ;	i -> R18,R19
000079 e0e0      	LDI  R30,LOW(0)
00007a bbea      	OUT  0x1A,R30
                 ; 0000 003E // State: Bit7=T Bit6=T Bit5=T Bit4=T Bit3=T Bit2=T Bit1=T Bit0=T
                 ; 0000 003F PORTA=(0<<PORTA7) | (0<<PORTA6) | (0<<PORTA5) | (0<<PORTA4) | (0<<PORTA3) | (0<<PORTA2) | (0<<PORTA1) | (0<<PORTA0);
00007b bbeb      	OUT  0x1B,R30
                 ; 0000 0040 
                 ; 0000 0041 // Port B initialization
                 ; 0000 0042 // Function: Bit7=In Bit6=In Bit5=In Bit4=In Bit3=In Bit2=In Bit1=In Bit0=In
                 ; 0000 0043 DDRB=(0<<DDB7) | (0<<DDB6) | (0<<DDB5) | (0<<DDB4) | (0<<DDB3) | (0<<DDB2) | (0<<DDB1) | (0<<DDB0);
00007c bbe7      	OUT  0x17,R30
                 ; 0000 0044 // State: Bit7=T Bit6=T Bit5=T Bit4=T Bit3=T Bit2=T Bit1=T Bit0=T
                 ; 0000 0045 PORTB=(0<<PORTB7) | (0<<PORTB6) | (0<<PORTB5) | (0<<PORTB4) | (0<<PORTB3) | (0<<PORTB2) | (0<<PORTB1) | (0<<PORTB0);
00007d bbe8      	OUT  0x18,R30
                 ; 0000 0046 
                 ; 0000 0047 // Port C initialization
                 ; 0000 0048 // Function: Bit7=In Bit6=In Bit5=In Bit4=In Bit3=In Bit2=In Bit1=In Bit0=In
                 ; 0000 0049 DDRC=(0<<DDC7) | (0<<DDC6) | (0<<DDC5) | (0<<DDC4) | (0<<DDC3) | (0<<DDC2) | (0<<DDC1) | (0<<DDC0);
00007e bbe4      	OUT  0x14,R30
                 ; 0000 004A // State: Bit7=T Bit6=T Bit5=T Bit4=T Bit3=T Bit2=T Bit1=T Bit0=T
                 ; 0000 004B PORTC=(0<<PORTC7) | (0<<PORTC6) | (0<<PORTC5) | (0<<PORTC4) | (0<<PORTC3) | (0<<PORTC2) | (0<<PORTC1) | (0<<PORTC0);
00007f bbe5      	OUT  0x15,R30
                 ; 0000 004C 
                 ; 0000 004D // Port D initialization
                 ; 0000 004E // Function: Bit7=In Bit6=In Bit5=In Bit4=In Bit3=In Bit2=In Bit1=In Bit0=In
                 ; 0000 004F DDRD=(0<<DDD7) | (0<<DDD6) | (0<<DDD5) | (0<<DDD4) | (0<<DDD3) | (0<<DDD2) | (0<<DDD1) | (0<<DDD0);
000080 bbe1      	OUT  0x11,R30
                 ; 0000 0050 // State: Bit7=T Bit6=T Bit5=T Bit4=T Bit3=T Bit2=T Bit1=T Bit0=T
                 ; 0000 0051 PORTD=(0<<PORTD7) | (0<<PORTD6) | (0<<PORTD5) | (0<<PORTD4) | (0<<PORTD3) | (0<<PORTD2) | (0<<PORTD1) | (0<<PORTD0);
000081 bbe2      	OUT  0x12,R30
                 ; 0000 0052 
                 ; 0000 0053 // USART initialization
                 ; 0000 0054 // Communication Parameters: 8 Data, 1 Stop, No Parity
                 ; 0000 0055 // USART Receiver: On
                 ; 0000 0056 // USART Transmitter: On
                 ; 0000 0057 // USART Mode: Asynchronous
                 ; 0000 0058 // USART Baud Rate: 9600
                 ; 0000 0059 UCSRA=(0<<RXC) | (0<<TXC) | (0<<UDRE) | (0<<FE) | (0<<DOR) | (0<<UPE) | (0<<U2X) | (0<<MPCM);
000082 b9eb      	OUT  0xB,R30
                 ; 0000 005A UCSRB=(0<<RXCIE) | (0<<TXCIE) | (0<<UDRIE) | (1<<RXEN) | (1<<TXEN) | (0<<UCSZ2) | (0<<RXB8) | (0<<TXB8);
000083 e1e8      	LDI  R30,LOW(24)
000084 b9ea      	OUT  0xA,R30
                 ; 0000 005B UCSRC=(1<<URSEL) | (0<<UMSEL) | (0<<UPM1) | (0<<UPM0) | (0<<USBS) | (1<<UCSZ1) | (1<<UCSZ0) | (0<<UCPOL);
000085 e8e6      	LDI  R30,LOW(134)
000086 bde0      	OUT  0x20,R30
                 ; 0000 005C UBRRH=0x00;
000087 e0e0      	LDI  R30,LOW(0)
000088 bde0      	OUT  0x20,R30
                 ; 0000 005D UBRRL=0x33;
000089 e3e3      	LDI  R30,LOW(51)
00008a b9e9      	OUT  0x9,R30
                 ; 0000 005E 
                 ; 0000 005F // ADC initialization
                 ; 0000 0060 // ADC Clock frequency: 1000.000 kHz
                 ; 0000 0061 // ADC Voltage Reference: AREF pin
                 ; 0000 0062 // ADC Auto Trigger Source: Free Running
                 ; 0000 0063 ADMUX=ADC_VREF_TYPE;
00008b e0e0      	LDI  R30,LOW(0)
00008c b9e7      	OUT  0x7,R30
                 ; 0000 0064 ADCSRA=(1<<ADEN) | (0<<ADSC) | (1<<ADATE) | (0<<ADIF) | (0<<ADIE) | (0<<ADPS2) | (1<<ADPS1) | (1<<ADPS0);
00008d eae3      	LDI  R30,LOW(163)
00008e b9e6      	OUT  0x6,R30
                 ; 0000 0065 SFIOR=(0<<ADTS2) | (0<<ADTS1) | (0<<ADTS0);
00008f e0e0      	LDI  R30,LOW(0)
000090 bfe0      	OUT  0x30,R30
                 ; 0000 0066 
                 ; 0000 0067 while (1)
                 _0x6:
                 ; 0000 0068       {
                 ; 0000 0069 
                 ; 0000 006A       while(!(UCSRA & (1<<RXC)));
                 _0x9:
000091 9b5f      	SBIS 0xB,7
000092 cffe      	RJMP _0x9
                 ; 0000 006B 
                 ; 0000 006C       channel = (getchar() & 0b00001111) -1 ;
000093 940e 0196 	CALL _getchar
000095 70ef      	ANDI R30,LOW(0xF)
000096 50e1      	SUBI R30,LOW(1)
000097 2f1e      	MOV  R17,R30
                 ; 0000 006D       x = read_adc(channel);
000098 2fa1      	MOV  R26,R17
000099 dfd0      	RCALL _read_adc
00009a 2766      	CLR  R22
00009b 2777      	CLR  R23
00009c 940e 029e 	CALL __CDF1
                +
00009e 87ec     +STD Y + 12 , R30
00009f 87fd     +STD Y + 12 + 1 , R31
0000a0 876e     +STD Y + 12 + 2 , R22
0000a1 877f     +STD Y + 12 + 3 , R23
                 	__PUTD1S 12
                 ; 0000 006E       v = x/205;
                +
0000a2 85ac     +LDD R26 , Y + 12
0000a3 85bd     +LDD R27 , Y + 12 + 1
0000a4 858e     +LDD R24 , Y + 12 + 2
0000a5 859f     +LDD R25 , Y + 12 + 3
                 	__GETD2S 12
                +
0000a6 e0e0     +LDI R30 , LOW ( 0x434D0000 )
0000a7 e0f0     +LDI R31 , HIGH ( 0x434D0000 )
0000a8 e46d     +LDI R22 , BYTE3 ( 0x434D0000 )
0000a9 e473     +LDI R23 , BYTE4 ( 0x434D0000 )
                 	__GETD1N 0x434D0000
0000aa 940e 0376 	CALL __DIVF21
                +
0000ac 87e8     +STD Y + 8 , R30
0000ad 87f9     +STD Y + 8 + 1 , R31
0000ae 876a     +STD Y + 8 + 2 , R22
0000af 877b     +STD Y + 8 + 3 , R23
                 	__PUTD1S 8
                 ; 0000 006F       ftoa(v,2,pot);
0000b0 940e 03f7 	CALL __PUTPARD1
0000b2 e0e2      	LDI  R30,LOW(2)
0000b3 93ea      	ST   -Y,R30
0000b4 01de      	MOVW R26,R28
0000b5 9615      	ADIW R26,5
0000b6 940e 00c9 	CALL _ftoa
                 ; 0000 0070 
                 ; 0000 0071 
                 ; 0000 0072       for (i=0; i<8; i++){
                +
0000b8 e020     +LDI R18 , LOW ( 0 )
0000b9 e030     +LDI R19 , HIGH ( 0 )
                 	__GETWRN 18,19,0
                 _0xD:
                +
0000ba 3028     +CPI R18 , LOW ( 8 )
0000bb e0e0     +LDI R30 , HIGH ( 8 )
0000bc 073e     +CPC R19 , R30
                 	__CPWRN 18,19,8
0000bd f44c      	BRGE _0xE
                 ; 0000 0073       putchar(pot[i]);
0000be 01de      	MOVW R26,R28
0000bf 0fa2      	ADD  R26,R18
0000c0 1fb3      	ADC  R27,R19
0000c1 91ac      	LD   R26,X
0000c2 940e 019a 	CALL _putchar
                 ; 0000 0074       }
                +
0000c4 5f2f     +SUBI R18 , LOW ( - 1 )
0000c5 4f3f     +SBCI R19 , HIGH ( - 1 )
                 	__ADDWRN 18,19,1
0000c6 cff3      	RJMP _0xD
                 _0xE:
                 ; 0000 0075 
                 ; 0000 0076 
                 ; 0000 0077       }
0000c7 cfc9      	RJMP _0x6
                 ; 0000 0078 }
                 _0xF:
0000c8 cfff      	RJMP _0xF
                 ; .FEND
                 
                 	.CSEG
                 _ftoa:
                 ; .FSTART _ftoa
0000c9 93ba      	ST   -Y,R27
0000ca 93aa      	ST   -Y,R26
0000cb 9724      	SBIW R28,4
0000cc e0e0      	LDI  R30,LOW(0)
0000cd 83e8      	ST   Y,R30
0000ce 83e9      	STD  Y+1,R30
0000cf 83ea      	STD  Y+2,R30
0000d0 e3ef      	LDI  R30,LOW(63)
0000d1 83eb      	STD  Y+3,R30
0000d2 931a      	ST   -Y,R17
0000d3 930a      	ST   -Y,R16
0000d4 85eb      	LDD  R30,Y+11
0000d5 85fc      	LDD  R31,Y+11+1
0000d6 3fef      	CPI  R30,LOW(0xFFFF)
0000d7 efaf      	LDI  R26,HIGH(0xFFFF)
0000d8 07fa      	CPC  R31,R26
0000d9 f439      	BRNE _0x200000D
0000da 940e 01f6 	CALL SUBOPT_0x0
                +
0000dc e6a8     +LDI R26 , LOW ( 2 * _0x2000000 + ( 0 ) )
0000dd e0b0     +LDI R27 , HIGH ( 2 * _0x2000000 + ( 0 ) )
                 	__POINTW2FN _0x2000000,0
0000de 940e 01e9 	CALL _strcpyf
0000e0 c0b1      	RJMP _0x20A0004
                 _0x200000D:
0000e1 3fef      	CPI  R30,LOW(0x7FFF)
0000e2 e7af      	LDI  R26,HIGH(0x7FFF)
0000e3 07fa      	CPC  R31,R26
0000e4 f439      	BRNE _0x200000C
0000e5 940e 01f6 	CALL SUBOPT_0x0
                +
0000e7 e6a9     +LDI R26 , LOW ( 2 * _0x2000000 + ( 1 ) )
0000e8 e0b0     +LDI R27 , HIGH ( 2 * _0x2000000 + ( 1 ) )
                 	__POINTW2FN _0x2000000,1
0000e9 940e 01e9 	CALL _strcpyf
0000eb c0a6      	RJMP _0x20A0004
                 _0x200000C:
0000ec 85ac      	LDD  R26,Y+12
0000ed 23aa      	TST  R26
0000ee f462      	BRPL _0x200000F
                +
0000ef 85e9     +LDD R30 , Y + 9
0000f0 85fa     +LDD R31 , Y + 9 + 1
0000f1 856b     +LDD R22 , Y + 9 + 2
0000f2 857c     +LDD R23 , Y + 9 + 3
                 	__GETD1S 9
0000f3 940e 0232 	CALL __ANEGF1
0000f5 940e 01fb 	CALL SUBOPT_0x1
0000f7 940e 0200 	CALL SUBOPT_0x2
0000f9 e2ed      	LDI  R30,LOW(45)
0000fa 93ec      	ST   X,R30
                 _0x200000F:
0000fb 85a8      	LDD  R26,Y+8
0000fc 30a7      	CPI  R26,LOW(0x7)
0000fd f010      	BRLO _0x2000010
0000fe e0e6      	LDI  R30,LOW(6)
0000ff 87e8      	STD  Y+8,R30
                 _0x2000010:
000100 8518      	LDD  R17,Y+8
                 _0x2000011:
000101 2fe1      	MOV  R30,R17
000102 5011      	SUBI R17,1
000103 30e0      	CPI  R30,0
000104 f039      	BREQ _0x2000013
000105 940e 0207 	CALL SUBOPT_0x3
000107 940e 020c 	CALL SUBOPT_0x4
000109 940e 0213 	CALL SUBOPT_0x5
00010b cff5      	RJMP _0x2000011
                 _0x2000013:
00010c 940e 0218 	CALL SUBOPT_0x6
00010e 940e 02d8 	CALL __ADDF12
000110 940e 01fb 	CALL SUBOPT_0x1
000112 e010      	LDI  R17,LOW(0)
                +
000113 e0e0     +LDI R30 , LOW ( 0x3F800000 )
000114 e0f0     +LDI R31 , HIGH ( 0x3F800000 )
000115 e860     +LDI R22 , BYTE3 ( 0x3F800000 )
000116 e37f     +LDI R23 , BYTE4 ( 0x3F800000 )
                 	__GETD1N 0x3F800000
000117 940e 0213 	CALL SUBOPT_0x5
                 _0x2000014:
000119 940e 0218 	CALL SUBOPT_0x6
00011b 940e 03bb 	CALL __CMPF12
00011d f088      	BRLO _0x2000016
00011e 940e 0207 	CALL SUBOPT_0x3
000120 940e 0221 	CALL SUBOPT_0x7
000122 940e 0213 	CALL SUBOPT_0x5
000124 5f1f      	SUBI R17,-LOW(1)
000125 3217      	CPI  R17,39
000126 f038      	BRLO _0x2000017
000127 940e 01f6 	CALL SUBOPT_0x0
                +
000129 e6ad     +LDI R26 , LOW ( 2 * _0x2000000 + ( 5 ) )
00012a e0b0     +LDI R27 , HIGH ( 2 * _0x2000000 + ( 5 ) )
                 	__POINTW2FN _0x2000000,5
00012b 940e 01e9 	CALL _strcpyf
00012d c064      	RJMP _0x20A0004
                 _0x2000017:
00012e cfea      	RJMP _0x2000014
                 _0x2000016:
00012f 3010      	CPI  R17,0
000130 f429      	BRNE _0x2000018
000131 940e 0200 	CALL SUBOPT_0x2
000133 e3e0      	LDI  R30,LOW(48)
000134 93ec      	ST   X,R30
000135 c02f      	RJMP _0x2000019
                 _0x2000018:
                 _0x200001A:
000136 2fe1      	MOV  R30,R17
000137 5011      	SUBI R17,1
000138 30e0      	CPI  R30,0
000139 f159      	BREQ _0x200001C
00013a 940e 0207 	CALL SUBOPT_0x3
00013c 940e 020c 	CALL SUBOPT_0x4
                +
00013e e0a0     +LDI R26 , LOW ( 0x3F000000 )
00013f e0b0     +LDI R27 , HIGH ( 0x3F000000 )
000140 e080     +LDI R24 , BYTE3 ( 0x3F000000 )
000141 e39f     +LDI R25 , BYTE4 ( 0x3F000000 )
                 	__GETD2N 0x3F000000
000142 940e 02d8 	CALL __ADDF12
000144 01df      	MOVW R26,R30
000145 01cb      	MOVW R24,R22
000146 940e 01d2 	CALL _floor
000148 940e 0213 	CALL SUBOPT_0x5
00014a 940e 0218 	CALL SUBOPT_0x6
00014c 940e 0376 	CALL __DIVF21
00014e 940e 0265 	CALL __CFD1U
000150 2f0e      	MOV  R16,R30
000151 940e 0200 	CALL SUBOPT_0x2
000153 2fe0      	MOV  R30,R16
000154 5de0      	SUBI R30,-LOW(48)
000155 93ec      	ST   X,R30
000156 2fe0      	MOV  R30,R16
000157 e0f0      	LDI  R31,0
000158 940e 0207 	CALL SUBOPT_0x3
00015a 940e 03e3 	CALL __CWD1
00015c 940e 029e 	CALL __CDF1
00015e 940e 0328 	CALL __MULF12
000160 940e 0228 	CALL SUBOPT_0x8
000162 940e 022d 	CALL SUBOPT_0x9
000164 cfd1      	RJMP _0x200001A
                 _0x200001C:
                 _0x2000019:
000165 85e8      	LDD  R30,Y+8
000166 30e0      	CPI  R30,0
000167 f131      	BREQ _0x20A0003
000168 940e 0200 	CALL SUBOPT_0x2
00016a e2ee      	LDI  R30,LOW(46)
00016b 93ec      	ST   X,R30
                 _0x200001E:
00016c 85e8      	LDD  R30,Y+8
00016d 50e1      	SUBI R30,LOW(1)
00016e 87e8      	STD  Y+8,R30
00016f 5fef      	SUBI R30,-LOW(1)
000170 f0e9      	BREQ _0x2000020
000171 940e 0228 	CALL SUBOPT_0x8
000173 940e 0221 	CALL SUBOPT_0x7
000175 940e 01fb 	CALL SUBOPT_0x1
                +
000177 85e9     +LDD R30 , Y + 9
000178 85fa     +LDD R31 , Y + 9 + 1
000179 856b     +LDD R22 , Y + 9 + 2
00017a 857c     +LDD R23 , Y + 9 + 3
                 	__GETD1S 9
00017b 940e 0265 	CALL __CFD1U
00017d 2f0e      	MOV  R16,R30
00017e 940e 0200 	CALL SUBOPT_0x2
000180 2fe0      	MOV  R30,R16
000181 5de0      	SUBI R30,-LOW(48)
000182 93ec      	ST   X,R30
000183 2fe0      	MOV  R30,R16
000184 e0f0      	LDI  R31,0
000185 940e 0228 	CALL SUBOPT_0x8
000187 940e 03e3 	CALL __CWD1
000189 940e 029e 	CALL __CDF1
00018b 940e 022d 	CALL SUBOPT_0x9
00018d cfde      	RJMP _0x200001E
                 _0x2000020:
                 _0x20A0003:
00018e 81ae      	LDD  R26,Y+6
00018f 81bf      	LDD  R27,Y+6+1
000190 e0e0      	LDI  R30,LOW(0)
000191 93ec      	ST   X,R30
                 _0x20A0004:
000192 8119      	LDD  R17,Y+1
000193 8108      	LDD  R16,Y+0
000194 962d      	ADIW R28,13
000195 9508      	RET
                 ; .FEND
                 
                 	.DSEG
                 
                 	.CSEG
                 	#ifndef __SLEEP_DEFINED__
                 	#endif
                 
                 	.CSEG
                 _getchar:
                 ; .FSTART _getchar
                 getchar0:
000196 9b5f           sbis usr,rxc
000197 cffe           rjmp getchar0
000198 b1ec           in   r30,udr
000199 9508      	RET
                 ; .FEND
                 _putchar:
                 ; .FSTART _putchar
00019a 93aa      	ST   -Y,R26
                 putchar0:
00019b 9b5d           sbis usr,udre
00019c cffe           rjmp putchar0
00019d 81e8           ld   r30,y
00019e b9ec           out  udr,r30
                 _0x20A0002:
00019f 9621      	ADIW R28,1
0001a0 9508      	RET
                 ; .FEND
                 
                 	.CSEG
                 
                 	.CSEG
                 _ftrunc:
                 ; .FSTART _ftrunc
0001a1 940e 03fc 	CALL __PUTPARD2
0001a3 817b         ldd  r23,y+3
0001a4 816a         ldd  r22,y+2
0001a5 81f9         ldd  r31,y+1
0001a6 81e8         ld   r30,y
0001a7 fb77         bst  r23,7
0001a8 0f77         lsl  r23
0001a9 fd67         sbrc r22,7
0001aa 6071         sbr  r23,1
0001ab 2f97         mov  r25,r23
0001ac 579e         subi r25,0x7e
0001ad f081         breq __ftrunc0
0001ae f078         brcs __ftrunc0
0001af 3198         cpi  r25,24
0001b0 f490         brsh __ftrunc1
0001b1 27aa         clr  r26
0001b2 27bb         clr  r27
0001b3 2788         clr  r24
                 __ftrunc2:
0001b4 9408         sec
0001b5 9587         ror  r24
0001b6 95b7         ror  r27
0001b7 95a7         ror  r26
0001b8 959a         dec  r25
0001b9 f7d1         brne __ftrunc2
0001ba 23ea         and  r30,r26
0001bb 23fb         and  r31,r27
0001bc 2368         and  r22,r24
0001bd c005         rjmp __ftrunc1
                 __ftrunc0:
0001be 94e8         clt
0001bf 2777         clr  r23
0001c0 27ee         clr  r30
0001c1 27ff         clr  r31
0001c2 2766         clr  r22
                 __ftrunc1:
0001c3 776f         cbr  r22,0x80
0001c4 9576         lsr  r23
0001c5 f408         brcc __ftrunc3
0001c6 6860         sbr  r22,0x80
                 __ftrunc3:
0001c7 f977         bld  r23,7
0001c8 91a9         ld   r26,y+
0001c9 91b9         ld   r27,y+
0001ca 9189         ld   r24,y+
0001cb 9199         ld   r25,y+
0001cc 17ea         cp   r30,r26
0001cd 07fb         cpc  r31,r27
0001ce 0768         cpc  r22,r24
0001cf 0779         cpc  r23,r25
0001d0 fb97         bst  r25,7
0001d1 9508         ret
                 ; .FEND
                 _floor:
                 ; .FSTART _floor
0001d2 940e 03fc 	CALL __PUTPARD2
0001d4 940e 03ed 	CALL __GETD2S0
0001d6 940e 01a1 	CALL _ftrunc
0001d8 940e 03f2 	CALL __PUTD1S0
0001da f419          brne __floor1
                 __floor0:
0001db 940e 03e8 	CALL __GETD1S0
0001dd c009      	RJMP _0x20A0001
                 __floor1:
0001de f7e6          brtc __floor0
0001df 940e 03e8 	CALL __GETD1S0
                +
0001e1 e0a0     +LDI R26 , LOW ( 0x3F800000 )
0001e2 e0b0     +LDI R27 , HIGH ( 0x3F800000 )
0001e3 e880     +LDI R24 , BYTE3 ( 0x3F800000 )
0001e4 e39f     +LDI R25 , BYTE4 ( 0x3F800000 )
                 	__GETD2N 0x3F800000
0001e5 940e 02d1 	CALL __SUBF12
                 _0x20A0001:
0001e7 9624      	ADIW R28,4
0001e8 9508      	RET
                 ; .FEND
                 
                 	.CSEG
                 _strcpyf:
                 ; .FSTART _strcpyf
0001e9 93ba      	ST   -Y,R27
0001ea 93aa      	ST   -Y,R26
0001eb 91e9          ld   r30,y+
0001ec 91f9          ld   r31,y+
0001ed 91a9          ld   r26,y+
0001ee 91b9          ld   r27,y+
0001ef 01cd          movw r24,r26
                 strcpyf0:
0001f0 9005      	lpm  r0,z+
0001f1 920d          st   x+,r0
0001f2 2000          tst  r0
0001f3 f7e1          brne strcpyf0
0001f4 01fc          movw r30,r24
0001f5 9508          ret
                 ; .FEND
                 
                 	.DSEG
                 __seed_G100:
000260           	.BYTE 0x4
                 
                 	.CSEG
                 ;OPTIMIZER ADDED SUBROUTINE, CALLED 3 TIMES, CODE SIZE REDUCTION:1 WORDS
                 SUBOPT_0x0:
0001f6 81ee      	LDD  R30,Y+6
0001f7 81ff      	LDD  R31,Y+6+1
0001f8 93fa      	ST   -Y,R31
0001f9 93ea      	ST   -Y,R30
0001fa 9508      	RET
                 
                 ;OPTIMIZER ADDED SUBROUTINE, CALLED 5 TIMES, CODE SIZE REDUCTION:5 WORDS
                 SUBOPT_0x1:
                +
0001fb 87e9     +STD Y + 9 , R30
0001fc 87fa     +STD Y + 9 + 1 , R31
0001fd 876b     +STD Y + 9 + 2 , R22
0001fe 877c     +STD Y + 9 + 3 , R23
                 	__PUTD1S 9
0001ff 9508      	RET
                 
                 ;OPTIMIZER ADDED SUBROUTINE, CALLED 5 TIMES, CODE SIZE REDUCTION:13 WORDS
                 SUBOPT_0x2:
000200 81ae      	LDD  R26,Y+6
000201 81bf      	LDD  R27,Y+6+1
000202 9611      	ADIW R26,1
000203 83ae      	STD  Y+6,R26
000204 83bf      	STD  Y+6+1,R27
000205 9711      	SBIW R26,1
000206 9508      	RET
                 
                 ;OPTIMIZER ADDED SUBROUTINE, CALLED 4 TIMES, CODE SIZE REDUCTION:3 WORDS
                 SUBOPT_0x3:
                +
000207 81aa     +LDD R26 , Y + 2
000208 81bb     +LDD R27 , Y + 2 + 1
000209 818c     +LDD R24 , Y + 2 + 2
00020a 819d     +LDD R25 , Y + 2 + 3
                 	__GETD2S 2
00020b 9508      	RET
                 
                 ;OPTIMIZER ADDED SUBROUTINE, CALLED 2 TIMES, CODE SIZE REDUCTION:1 WORDS
                 SUBOPT_0x4:
                +
00020c eced     +LDI R30 , LOW ( 0x3DCCCCCD )
00020d ecfc     +LDI R31 , HIGH ( 0x3DCCCCCD )
00020e ec6c     +LDI R22 , BYTE3 ( 0x3DCCCCCD )
00020f e37d     +LDI R23 , BYTE4 ( 0x3DCCCCCD )
                 	__GETD1N 0x3DCCCCCD
000210 940e 0328 	CALL __MULF12
000212 9508      	RET
                 
                 ;OPTIMIZER ADDED SUBROUTINE, CALLED 4 TIMES, CODE SIZE REDUCTION:3 WORDS
                 SUBOPT_0x5:
                +
000213 83ea     +STD Y + 2 , R30
000214 83fb     +STD Y + 2 + 1 , R31
000215 836c     +STD Y + 2 + 2 , R22
000216 837d     +STD Y + 2 + 3 , R23
                 	__PUTD1S 2
000217 9508      	RET
                 
                 ;OPTIMIZER ADDED SUBROUTINE, CALLED 3 TIMES, CODE SIZE REDUCTION:9 WORDS
                 SUBOPT_0x6:
                +
000218 81ea     +LDD R30 , Y + 2
000219 81fb     +LDD R31 , Y + 2 + 1
00021a 816c     +LDD R22 , Y + 2 + 2
00021b 817d     +LDD R23 , Y + 2 + 3
                 	__GETD1S 2
                +
00021c 85a9     +LDD R26 , Y + 9
00021d 85ba     +LDD R27 , Y + 9 + 1
00021e 858b     +LDD R24 , Y + 9 + 2
00021f 859c     +LDD R25 , Y + 9 + 3
                 	__GETD2S 9
000220 9508      	RET
                 
                 ;OPTIMIZER ADDED SUBROUTINE, CALLED 2 TIMES, CODE SIZE REDUCTION:1 WORDS
                 SUBOPT_0x7:
                +
000221 e0e0     +LDI R30 , LOW ( 0x41200000 )
000222 e0f0     +LDI R31 , HIGH ( 0x41200000 )
000223 e260     +LDI R22 , BYTE3 ( 0x41200000 )
000224 e471     +LDI R23 , BYTE4 ( 0x41200000 )
                 	__GETD1N 0x41200000
000225 940e 0328 	CALL __MULF12
000227 9508      	RET
                 
                 ;OPTIMIZER ADDED SUBROUTINE, CALLED 3 TIMES, CODE SIZE REDUCTION:1 WORDS
                 SUBOPT_0x8:
                +
000228 85a9     +LDD R26 , Y + 9
000229 85ba     +LDD R27 , Y + 9 + 1
00022a 858b     +LDD R24 , Y + 9 + 2
00022b 859c     +LDD R25 , Y + 9 + 3
                 	__GETD2S 9
00022c 9508      	RET
                 
                 ;OPTIMIZER ADDED SUBROUTINE, CALLED 2 TIMES, CODE SIZE REDUCTION:1 WORDS
                 SUBOPT_0x9:
00022d 940e 0401 	CALL __SWAPD12
00022f 940e 02d1 	CALL __SUBF12
000231 cfc9      	RJMP SUBOPT_0x1
                 
                 
                 	.CSEG
                 __ANEGF1:
000232 9730      	SBIW R30,0
000233 4060      	SBCI R22,0
000234 4070      	SBCI R23,0
000235 f009      	BREQ __ANEGF10
000236 5870      	SUBI R23,0x80
                 __ANEGF10:
000237 9508      	RET
                 
                 __ROUND_REPACK:
000238 2355      	TST  R21
000239 f442      	BRPL __REPACK
00023a 3850      	CPI  R21,0x80
00023b f411      	BRNE __ROUND_REPACK0
00023c ffe0      	SBRS R30,0
00023d c004      	RJMP __REPACK
                 __ROUND_REPACK0:
00023e 9631      	ADIW R30,1
00023f 1f69      	ADC  R22,R25
000240 1f79      	ADC  R23,R25
000241 f06b      	BRVS __REPACK1
                 
                 __REPACK:
000242 e850      	LDI  R21,0x80
000243 2757      	EOR  R21,R23
000244 f411      	BRNE __REPACK0
000245 935f      	PUSH R21
000246 c0cf      	RJMP __ZERORES
                 __REPACK0:
000247 3f5f      	CPI  R21,0xFF
000248 f031      	BREQ __REPACK1
000249 0f66      	LSL  R22
00024a 0c00      	LSL  R0
00024b 9557      	ROR  R21
00024c 9567      	ROR  R22
00024d 2f75      	MOV  R23,R21
00024e 9508      	RET
                 __REPACK1:
00024f 935f      	PUSH R21
000250 2000      	TST  R0
000251 f00a      	BRMI __REPACK2
000252 c0cf      	RJMP __MAXRES
                 __REPACK2:
000253 c0c8      	RJMP __MINRES
                 
                 __UNPACK:
000254 e850      	LDI  R21,0x80
000255 2e19      	MOV  R1,R25
000256 2215      	AND  R1,R21
000257 0f88      	LSL  R24
000258 1f99      	ROL  R25
000259 2795      	EOR  R25,R21
00025a 0f55      	LSL  R21
00025b 9587      	ROR  R24
                 
                 __UNPACK1:
00025c e850      	LDI  R21,0x80
00025d 2e07      	MOV  R0,R23
00025e 2205      	AND  R0,R21
00025f 0f66      	LSL  R22
000260 1f77      	ROL  R23
000261 2775      	EOR  R23,R21
000262 0f55      	LSL  R21
000263 9567      	ROR  R22
000264 9508      	RET
                 
                 __CFD1U:
000265 9468      	SET
000266 c001      	RJMP __CFD1U0
                 __CFD1:
000267 94e8      	CLT
                 __CFD1U0:
000268 935f      	PUSH R21
000269 dff2      	RCALL __UNPACK1
00026a 3870      	CPI  R23,0x80
00026b f018      	BRLO __CFD10
00026c 3f7f      	CPI  R23,0xFF
00026d f408      	BRCC __CFD10
00026e c0a7      	RJMP __ZERORES
                 __CFD10:
00026f e156      	LDI  R21,22
000270 1b57      	SUB  R21,R23
000271 f4aa      	BRPL __CFD11
000272 9551      	NEG  R21
000273 3058      	CPI  R21,8
000274 f40e      	BRTC __CFD19
000275 3059      	CPI  R21,9
                 __CFD19:
000276 f030      	BRLO __CFD17
000277 efef      	SER  R30
000278 efff      	SER  R31
000279 ef6f      	SER  R22
00027a e77f      	LDI  R23,0x7F
00027b f977      	BLD  R23,7
00027c c01a      	RJMP __CFD15
                 __CFD17:
00027d 2777      	CLR  R23
00027e 2355      	TST  R21
00027f f0b9      	BREQ __CFD15
                 __CFD18:
000280 0fee      	LSL  R30
000281 1fff      	ROL  R31
000282 1f66      	ROL  R22
000283 1f77      	ROL  R23
000284 955a      	DEC  R21
000285 f7d1      	BRNE __CFD18
000286 c010      	RJMP __CFD15
                 __CFD11:
000287 2777      	CLR  R23
                 __CFD12:
000288 3058      	CPI  R21,8
000289 f028      	BRLO __CFD13
00028a 2fef      	MOV  R30,R31
00028b 2ff6      	MOV  R31,R22
00028c 2f67      	MOV  R22,R23
00028d 5058      	SUBI R21,8
00028e cff9      	RJMP __CFD12
                 __CFD13:
00028f 2355      	TST  R21
000290 f031      	BREQ __CFD15
                 __CFD14:
000291 9576      	LSR  R23
000292 9567      	ROR  R22
000293 95f7      	ROR  R31
000294 95e7      	ROR  R30
000295 955a      	DEC  R21
000296 f7d1      	BRNE __CFD14
                 __CFD15:
000297 2000      	TST  R0
000298 f40a      	BRPL __CFD16
000299 d141      	RCALL __ANEGD1
                 __CFD16:
00029a 915f      	POP  R21
00029b 9508      	RET
                 
                 __CDF1U:
00029c 9468      	SET
00029d c001      	RJMP __CDF1U0
                 __CDF1:
00029e 94e8      	CLT
                 __CDF1U0:
00029f 9730      	SBIW R30,0
0002a0 4060      	SBCI R22,0
0002a1 4070      	SBCI R23,0
0002a2 f0b1      	BREQ __CDF10
0002a3 2400      	CLR  R0
0002a4 f026      	BRTS __CDF11
0002a5 2377      	TST  R23
0002a6 f412      	BRPL __CDF11
0002a7 9400      	COM  R0
0002a8 d132      	RCALL __ANEGD1
                 __CDF11:
0002a9 2e17      	MOV  R1,R23
0002aa e17e      	LDI  R23,30
0002ab 2011      	TST  R1
                 __CDF12:
0002ac f032      	BRMI __CDF13
0002ad 957a      	DEC  R23
0002ae 0fee      	LSL  R30
0002af 1fff      	ROL  R31
0002b0 1f66      	ROL  R22
0002b1 1c11      	ROL  R1
0002b2 cff9      	RJMP __CDF12
                 __CDF13:
0002b3 2fef      	MOV  R30,R31
0002b4 2ff6      	MOV  R31,R22
0002b5 2d61      	MOV  R22,R1
0002b6 935f      	PUSH R21
0002b7 df8a      	RCALL __REPACK
0002b8 915f      	POP  R21
                 __CDF10:
0002b9 9508      	RET
                 
                 __SWAPACC:
0002ba 934f      	PUSH R20
0002bb 01af      	MOVW R20,R30
0002bc 01fd      	MOVW R30,R26
0002bd 01da      	MOVW R26,R20
0002be 01ab      	MOVW R20,R22
0002bf 01bc      	MOVW R22,R24
0002c0 01ca      	MOVW R24,R20
0002c1 2d40      	MOV  R20,R0
0002c2 2c01      	MOV  R0,R1
0002c3 2e14      	MOV  R1,R20
0002c4 914f      	POP  R20
0002c5 9508      	RET
                 
                 __UADD12:
0002c6 0fea      	ADD  R30,R26
0002c7 1ffb      	ADC  R31,R27
0002c8 1f68      	ADC  R22,R24
0002c9 9508      	RET
                 
                 __NEGMAN1:
0002ca 95e0      	COM  R30
0002cb 95f0      	COM  R31
0002cc 9560      	COM  R22
0002cd 5fef      	SUBI R30,-1
0002ce 4fff      	SBCI R31,-1
0002cf 4f6f      	SBCI R22,-1
0002d0 9508      	RET
                 
                 __SUBF12:
0002d1 935f      	PUSH R21
0002d2 df81      	RCALL __UNPACK
0002d3 3890      	CPI  R25,0x80
0002d4 f171      	BREQ __ADDF129
0002d5 e850      	LDI  R21,0x80
0002d6 2615      	EOR  R1,R21
                 
0002d7 c004      	RJMP __ADDF120
                 
                 __ADDF12:
0002d8 935f      	PUSH R21
0002d9 df7a      	RCALL __UNPACK
0002da 3890      	CPI  R25,0x80
0002db f139      	BREQ __ADDF129
                 
                 __ADDF120:
0002dc 3870      	CPI  R23,0x80
0002dd f121      	BREQ __ADDF128
                 __ADDF121:
0002de 2f57      	MOV  R21,R23
0002df 1b59      	SUB  R21,R25
0002e0 f12b      	BRVS __ADDF1211
0002e1 f412      	BRPL __ADDF122
0002e2 dfd7      	RCALL __SWAPACC
0002e3 cffa      	RJMP __ADDF121
                 __ADDF122:
0002e4 3158      	CPI  R21,24
0002e5 f018      	BRLO __ADDF123
0002e6 27aa      	CLR  R26
0002e7 27bb      	CLR  R27
0002e8 2788      	CLR  R24
                 __ADDF123:
0002e9 3058      	CPI  R21,8
0002ea f028      	BRLO __ADDF124
0002eb 2fab      	MOV  R26,R27
0002ec 2fb8      	MOV  R27,R24
0002ed 2788      	CLR  R24
0002ee 5058      	SUBI R21,8
0002ef cff9      	RJMP __ADDF123
                 __ADDF124:
0002f0 2355      	TST  R21
0002f1 f029      	BREQ __ADDF126
                 __ADDF125:
0002f2 9586      	LSR  R24
0002f3 95b7      	ROR  R27
0002f4 95a7      	ROR  R26
0002f5 955a      	DEC  R21
0002f6 f7d9      	BRNE __ADDF125
                 __ADDF126:
0002f7 2d50      	MOV  R21,R0
0002f8 2551      	EOR  R21,R1
0002f9 f072      	BRMI __ADDF127
0002fa dfcb      	RCALL __UADD12
0002fb f438      	BRCC __ADDF129
0002fc 9567      	ROR  R22
0002fd 95f7      	ROR  R31
0002fe 95e7      	ROR  R30
0002ff 9573      	INC  R23
000300 f413      	BRVC __ADDF129
000301 c020      	RJMP __MAXRES
                 __ADDF128:
000302 dfb7      	RCALL __SWAPACC
                 __ADDF129:
000303 df3e      	RCALL __REPACK
000304 915f      	POP  R21
000305 9508      	RET
                 __ADDF1211:
000306 f7d8      	BRCC __ADDF128
000307 cffb      	RJMP __ADDF129
                 __ADDF127:
000308 1bea      	SUB  R30,R26
000309 0bfb      	SBC  R31,R27
00030a 0b68      	SBC  R22,R24
00030b f051      	BREQ __ZERORES
00030c f410      	BRCC __ADDF1210
00030d 9400      	COM  R0
00030e dfbb      	RCALL __NEGMAN1
                 __ADDF1210:
00030f 2366      	TST  R22
000310 f392      	BRMI __ADDF129
000311 0fee      	LSL  R30
000312 1fff      	ROL  R31
000313 1f66      	ROL  R22
000314 957a      	DEC  R23
000315 f7cb      	BRVC __ADDF1210
                 
                 __ZERORES:
000316 27ee      	CLR  R30
000317 27ff      	CLR  R31
000318 2766      	CLR  R22
000319 2777      	CLR  R23
00031a 915f      	POP  R21
00031b 9508      	RET
                 
                 __MINRES:
00031c efef      	SER  R30
00031d efff      	SER  R31
00031e e76f      	LDI  R22,0x7F
00031f ef7f      	SER  R23
000320 915f      	POP  R21
000321 9508      	RET
                 
                 __MAXRES:
000322 efef      	SER  R30
000323 efff      	SER  R31
000324 e76f      	LDI  R22,0x7F
000325 e77f      	LDI  R23,0x7F
000326 915f      	POP  R21
000327 9508      	RET
                 
                 __MULF12:
000328 935f      	PUSH R21
000329 df2a      	RCALL __UNPACK
00032a 3870      	CPI  R23,0x80
00032b f351      	BREQ __ZERORES
00032c 3890      	CPI  R25,0x80
00032d f341      	BREQ __ZERORES
00032e 2401      	EOR  R0,R1
00032f 9408      	SEC
000330 1f79      	ADC  R23,R25
000331 f423      	BRVC __MULF124
000332 f31c      	BRLT __ZERORES
                 __MULF125:
000333 2000      	TST  R0
000334 f33a      	BRMI __MINRES
000335 cfec      	RJMP __MAXRES
                 __MULF124:
000336 920f      	PUSH R0
000337 931f      	PUSH R17
000338 932f      	PUSH R18
000339 933f      	PUSH R19
00033a 934f      	PUSH R20
00033b 2711      	CLR  R17
00033c 2722      	CLR  R18
00033d 2799      	CLR  R25
00033e 9f68      	MUL  R22,R24
00033f 01a0      	MOVW R20,R0
000340 9f8f      	MUL  R24,R31
000341 2d30      	MOV  R19,R0
000342 0d41      	ADD  R20,R1
000343 1f59      	ADC  R21,R25
000344 9f6b      	MUL  R22,R27
000345 0d30      	ADD  R19,R0
000346 1d41      	ADC  R20,R1
000347 1f59      	ADC  R21,R25
000348 9f8e      	MUL  R24,R30
000349 d027      	RCALL __MULF126
00034a 9fbf      	MUL  R27,R31
00034b d025      	RCALL __MULF126
00034c 9f6a      	MUL  R22,R26
00034d d023      	RCALL __MULF126
00034e 9fbe      	MUL  R27,R30
00034f d01d      	RCALL __MULF127
000350 9faf      	MUL  R26,R31
000351 d01b      	RCALL __MULF127
000352 9fae      	MUL  R26,R30
000353 0d11      	ADD  R17,R1
000354 1f29      	ADC  R18,R25
000355 1f39      	ADC  R19,R25
000356 1f49      	ADC  R20,R25
000357 1f59      	ADC  R21,R25
000358 2fe3      	MOV  R30,R19
000359 2ff4      	MOV  R31,R20
00035a 2f65      	MOV  R22,R21
00035b 2f52      	MOV  R21,R18
00035c 914f      	POP  R20
00035d 913f      	POP  R19
00035e 912f      	POP  R18
00035f 911f      	POP  R17
000360 900f      	POP  R0
000361 2366      	TST  R22
000362 f02a      	BRMI __MULF122
000363 0f55      	LSL  R21
000364 1fee      	ROL  R30
000365 1fff      	ROL  R31
000366 1f66      	ROL  R22
000367 c002      	RJMP __MULF123
                 __MULF122:
000368 9573      	INC  R23
000369 f24b      	BRVS __MULF125
                 __MULF123:
00036a decd      	RCALL __ROUND_REPACK
00036b 915f      	POP  R21
00036c 9508      	RET
                 
                 __MULF127:
00036d 0d10      	ADD  R17,R0
00036e 1d21      	ADC  R18,R1
00036f 1f39      	ADC  R19,R25
000370 c002      	RJMP __MULF128
                 __MULF126:
000371 0d20      	ADD  R18,R0
000372 1d31      	ADC  R19,R1
                 __MULF128:
000373 1f49      	ADC  R20,R25
000374 1f59      	ADC  R21,R25
000375 9508      	RET
                 
                 __DIVF21:
000376 935f      	PUSH R21
000377 dedc      	RCALL __UNPACK
000378 3870      	CPI  R23,0x80
000379 f421      	BRNE __DIVF210
00037a 2011      	TST  R1
                 __DIVF211:
00037b f40a      	BRPL __DIVF219
00037c cf9f      	RJMP __MINRES
                 __DIVF219:
00037d cfa4      	RJMP __MAXRES
                 __DIVF210:
00037e 3890      	CPI  R25,0x80
00037f f409      	BRNE __DIVF218
                 __DIVF217:
000380 cf95      	RJMP __ZERORES
                 __DIVF218:
000381 2401      	EOR  R0,R1
000382 9408      	SEC
000383 0b97      	SBC  R25,R23
000384 f41b      	BRVC __DIVF216
000385 f3d4      	BRLT __DIVF217
000386 2000      	TST  R0
000387 cff3      	RJMP __DIVF211
                 __DIVF216:
000388 2f79      	MOV  R23,R25
000389 931f      	PUSH R17
00038a 932f      	PUSH R18
00038b 933f      	PUSH R19
00038c 934f      	PUSH R20
00038d 2411      	CLR  R1
00038e 2711      	CLR  R17
00038f 2722      	CLR  R18
000390 2733      	CLR  R19
000391 2744      	CLR  R20
000392 2755      	CLR  R21
000393 e290      	LDI  R25,32
                 __DIVF212:
000394 17ae      	CP   R26,R30
000395 07bf      	CPC  R27,R31
000396 0786      	CPC  R24,R22
000397 0741      	CPC  R20,R17
000398 f030      	BRLO __DIVF213
000399 1bae      	SUB  R26,R30
00039a 0bbf      	SBC  R27,R31
00039b 0b86      	SBC  R24,R22
00039c 0b41      	SBC  R20,R17
00039d 9408      	SEC
00039e c001      	RJMP __DIVF214
                 __DIVF213:
00039f 9488      	CLC
                 __DIVF214:
0003a0 1f55      	ROL  R21
0003a1 1f22      	ROL  R18
0003a2 1f33      	ROL  R19
0003a3 1c11      	ROL  R1
0003a4 1faa      	ROL  R26
0003a5 1fbb      	ROL  R27
0003a6 1f88      	ROL  R24
0003a7 1f44      	ROL  R20
0003a8 959a      	DEC  R25
0003a9 f751      	BRNE __DIVF212
0003aa 01f9      	MOVW R30,R18
0003ab 2d61      	MOV  R22,R1
0003ac 914f      	POP  R20
0003ad 913f      	POP  R19
0003ae 912f      	POP  R18
0003af 911f      	POP  R17
0003b0 2366      	TST  R22
0003b1 f032      	BRMI __DIVF215
0003b2 0f55      	LSL  R21
0003b3 1fee      	ROL  R30
0003b4 1fff      	ROL  R31
0003b5 1f66      	ROL  R22
0003b6 957a      	DEC  R23
0003b7 f243      	BRVS __DIVF217
                 __DIVF215:
0003b8 de7f      	RCALL __ROUND_REPACK
0003b9 915f      	POP  R21
0003ba 9508      	RET
                 
                 __CMPF12:
0003bb 2399      	TST  R25
0003bc f09a      	BRMI __CMPF120
0003bd 2377      	TST  R23
0003be f042      	BRMI __CMPF121
0003bf 1797      	CP   R25,R23
0003c0 f048      	BRLO __CMPF122
0003c1 f429      	BRNE __CMPF121
0003c2 17ae      	CP   R26,R30
0003c3 07bf      	CPC  R27,R31
0003c4 0786      	CPC  R24,R22
0003c5 f020      	BRLO __CMPF122
0003c6 f031      	BREQ __CMPF123
                 __CMPF121:
0003c7 9498      	CLZ
0003c8 9488      	CLC
0003c9 9508      	RET
                 __CMPF122:
0003ca 9498      	CLZ
0003cb 9408      	SEC
0003cc 9508      	RET
                 __CMPF123:
0003cd 9418      	SEZ
0003ce 9488      	CLC
0003cf 9508      	RET
                 __CMPF120:
0003d0 2377      	TST  R23
0003d1 f7c2      	BRPL __CMPF122
0003d2 1797      	CP   R25,R23
0003d3 f398      	BRLO __CMPF121
0003d4 f7a9      	BRNE __CMPF122
0003d5 17ea      	CP   R30,R26
0003d6 07fb      	CPC  R31,R27
0003d7 0768      	CPC  R22,R24
0003d8 f388      	BRLO __CMPF122
0003d9 f399      	BREQ __CMPF123
0003da cfec      	RJMP __CMPF121
                 
                 __ANEGD1:
0003db 95f0      	COM  R31
0003dc 9560      	COM  R22
0003dd 9570      	COM  R23
0003de 95e1      	NEG  R30
0003df 4fff      	SBCI R31,-1
0003e0 4f6f      	SBCI R22,-1
0003e1 4f7f      	SBCI R23,-1
0003e2 9508      	RET
                 
                 __CWD1:
0003e3 2f6f      	MOV  R22,R31
0003e4 0f66      	ADD  R22,R22
0003e5 0b66      	SBC  R22,R22
0003e6 2f76      	MOV  R23,R22
0003e7 9508      	RET
                 
                 __GETD1S0:
0003e8 81e8      	LD   R30,Y
0003e9 81f9      	LDD  R31,Y+1
0003ea 816a      	LDD  R22,Y+2
0003eb 817b      	LDD  R23,Y+3
0003ec 9508      	RET
                 
                 __GETD2S0:
0003ed 81a8      	LD   R26,Y
0003ee 81b9      	LDD  R27,Y+1
0003ef 818a      	LDD  R24,Y+2
0003f0 819b      	LDD  R25,Y+3
0003f1 9508      	RET
                 
                 __PUTD1S0:
0003f2 83e8      	ST   Y,R30
0003f3 83f9      	STD  Y+1,R31
0003f4 836a      	STD  Y+2,R22
0003f5 837b      	STD  Y+3,R23
0003f6 9508      	RET
                 
                 __PUTPARD1:
0003f7 937a      	ST   -Y,R23
0003f8 936a      	ST   -Y,R22
0003f9 93fa      	ST   -Y,R31
0003fa 93ea      	ST   -Y,R30
0003fb 9508      	RET
                 
                 __PUTPARD2:
0003fc 939a      	ST   -Y,R25
0003fd 938a      	ST   -Y,R24
0003fe 93ba      	ST   -Y,R27
0003ff 93aa      	ST   -Y,R26
000400 9508      	RET
                 
                 __SWAPD12:
000401 2e18      	MOV  R1,R24
000402 2f86      	MOV  R24,R22
000403 2d61      	MOV  R22,R1
000404 2e19      	MOV  R1,R25
000405 2f97      	MOV  R25,R23
000406 2d71      	MOV  R23,R1
                 
                 __SWAPW12:
000407 2e1b      	MOV  R1,R27
000408 2fbf      	MOV  R27,R31
000409 2df1      	MOV  R31,R1
                 
                 __SWAPB12:
00040a 2e1a      	MOV  R1,R26
00040b 2fae      	MOV  R26,R30
00040c 2de1      	MOV  R30,R1
00040d 9508      	RET
                 
                 ;END OF CODE MARKER
                 __END_OF_CODE:


RESOURCE USE INFORMATION
------------------------

Notice:
The register and instruction counts are symbol table hit counts,
and hence implicitly used resources are not counted, eg, the
'lpm' instruction without operands implicitly uses r0 and z,
none of which are counted.

x,y,z are separate entities in the symbol table and are
counted separately from r26..r31 here.

.dseg memory usage only counts static data declared with .byte

ATmega32 register use summary:
r0 :  29 r1 :  30 r2 :   0 r3 :   0 r4 :   0 r5 :   0 r6 :   0 r7 :   0 
r8 :   0 r9 :   0 r10:   0 r11:   0 r12:   0 r13:   0 r14:   0 r15:   0 
r16:   8 r17:  23 r18:  16 r19:  16 r20:  22 r21:  63 r22:  75 r23:  70 
r24:  45 r25:  47 r26:  62 r27:  41 r28:   8 r29:   1 r30: 148 r31:  62 
x  :  11 y  : 112 z  :   8 
Registers used: 21 out of 35 (60.0%)

ATmega32 instruction use summary:
.lds  :   0 .lds.l:   0 .sts  :   0 .sts.l:   0 adc   :  18 add   :   8 
adiw  :   6 and   :   5 andi  :   1 asr   :   0 bclr  :   0 bld   :   2 
brbc  :   0 brbs  :   0 brcc  :   5 brcs  :   1 break :   0 breq  :  20 
brge  :   1 brhc  :   0 brhs  :   0 brid  :   0 brie  :   0 brlo  :  13 
brlt  :   2 brmi  :   9 brne  :  20 brpl  :   8 brsh  :   1 brtc  :   2 
brts  :   1 brvc  :   4 brvs  :   4 bset  :   0 bst   :   2 call  :  65 
cbi   :   0 cbr   :   1 clc   :   3 clh   :   0 cli   :   1 cln   :   0 
clr   :  31 cls   :   0 clt   :   3 clv   :   0 clz   :   2 com   :   8 
cp    :   6 cpc   :  13 cpi   :  26 cpse  :   0 dec   :  10 des   :   0 
eor   :   7 fmul  :   0 fmuls :   0 fmulsu:   0 icall :   0 ijmp  :   0 
in    :   3 inc   :   2 jmp   :  23 ld    :  14 ldd   :  52 ldi   :  78 
lds   :   0 lpm   :   8 lsl   :  12 lsr   :   3 mov   :  49 movw  :  17 
mul   :   9 muls  :   0 mulsu :   0 neg   :   2 nop   :   0 or    :   0 
ori   :   0 out   :  24 pop   :  18 push  :  18 rcall :  21 ret   :  41 
reti  :   0 rjmp  :  44 rol   :  24 ror   :  15 sbc   :   7 sbci  :  10 
sbi   :   2 sbic  :   0 sbis  :   4 sbiw  :   8 sbr   :   2 sbrc  :   1 
sbrs  :   1 sec   :   5 seh   :   0 sei   :   0 sen   :   0 ser   :   8 
ses   :   0 set   :   2 sev   :   0 sez   :   1 sleep :   0 spm   :   0 
st    :  31 std   :  26 sts   :   0 sub   :   4 subi  :  14 swap  :   0 
tst   :  19 wdr   :   0 
Instructions used: 72 out of 116 (62.1%)

ATmega32 memory use summary [bytes]:
Segment   Begin    End      Code   Data   Used    Size   Use%
---------------------------------------------------------------
[.cseg] 0x000000 0x00081c   2038     38   2076   32768   6.3%
[.dseg] 0x000060 0x000264      0      4      4    2048   0.2%
[.eseg] 0x000000 0x000000      0      0      0    1024   0.0%

Assembly complete, 0 errors, 2 warnings
